::1 - - [08/May/2018:15:53:25 +0000] "DELETE /orders/23 HTTP/1.1" 200 30
::1 - - [08/May/2018:15:53:45 +0000] "PATCH /orders/23 HTTP/1.1" 200 50
::1 - - [08/May/2018:16:32:22 +0000] "PATCH /orders/23 HTTP/1.1" 200 50
::1 - - [08/May/2018:16:32:28 +0000] "PATCH /order/23 HTTP/1.1" 404 34
::1 - - [08/May/2018:16:32:44 +0000] "PATCH /order/23 HTTP/1.1" 404 34
::1 - - [08/May/2018:16:34:31 +0000] "PATCH /order/23 HTTP/1.1" 404 45
::1 - - [08/May/2018:16:35:18 +0000] "PATCH /order/23 HTTP/1.1" 404 34
::1 - - [08/May/2018:17:15:59 +0000] "POST /products HTTP/1.1" 201 95
::1 - - [08/May/2018:17:17:35 +0000] "POST /products HTTP/1.1" 201 51
::1 - - [08/May/2018:17:18:04 +0000] "POST /products HTTP/1.1" 201 89
::1 - - [08/May/2018:17:21:16 +0000] "POST /orders HTTP/1.1" 201 73
::1 - - [08/May/2018:17:34:47 +0000] "POST /orders HTTP/1.1" 201 73
::1 - - [08/May/2018:18:14:56 +0000] "POST /products HTTP/1.1" 500 2210
::1 - - [08/May/2018:18:16:13 +0000] "POST /products HTTP/1.1" 201 53
::1 - - [08/May/2018:18:17:43 +0000] "POST /products HTTP/1.1" 201 53
::1 - - [08/May/2018:18:18:46 +0000] "POST /products HTTP/1.1" 500 2210
::1 - - [08/May/2018:18:20:34 +0000] "POST /products HTTP/1.1" 500 2210
::1 - - [08/May/2018:18:21:41 +0000] "POST /products HTTP/1.1" 500 2210
::1 - - [08/May/2018:18:23:02 +0000] "POST /products HTTP/1.1" 201 91
::1 - - [08/May/2018:19:23:09 +0000] "POST /products HTTP/1.1" 201 91
::1 - - [08/May/2018:19:24:02 +0000] "POST /products HTTP/1.1" 201 89
::1 - - [08/May/2018:19:24:15 +0000] "GET /products/5af1f952b10916318c04b176 HTTP/1.1" 201 86
::1 - - [08/May/2018:19:28:41 +0000] "GET /products/5af1f952b10916318c04b17 HTTP/1.1" 500 251
::1 - - [08/May/2018:19:29:11 +0000] "GET /products/5af1f952b10916318c04b17e HTTP/1.1" 201 12
::1 - - [08/May/2018:19:30:14 +0000] "GET /products/5af1f952b10916318c04b17e HTTP/1.1" 404 32
::1 - - [08/May/2018:19:34:32 +0000] "GET /products HTTP/1.1" 200 170
::1 - - [08/May/2018:19:38:37 +0000] "DELETE /products/5af1f952b10916318c04b176 HTTP/1.1" 200 25
::1 - - [08/May/2018:19:38:45 +0000] "GET /products/5af1f952b10916318c04b176 HTTP/1.1" 201 86
::1 - - [08/May/2018:19:38:57 +0000] "GET /products HTTP/1.1" 200 170
::1 - - [08/May/2018:19:40:02 +0000] "DELETE /products/5af1f952b10916318c04b176 HTTP/1.1" 200 25
::1 - - [08/May/2018:19:42:24 +0000] "DELETE /products/5af1f952b10916318c04b176 HTTP/1.1" 200 25
::1 - - [08/May/2018:19:42:46 +0000] "GET /products/5af1f952b10916318c04b176 HTTP/1.1" 201 86
::1 - - [08/May/2018:19:42:52 +0000] "DELETE /products/5af1f952b10916318c04b176 HTTP/1.1" 200 25
::1 - - [08/May/2018:19:44:54 +0000] "POST /products HTTP/1.1" 201 91
::1 - - [08/May/2018:19:45:41 +0000] "GET /products/5af1fe362c5bc5163c49bd46 HTTP/1.1" 201 88
::1 - - [08/May/2018:19:45:47 +0000] "GET /products HTTP/1.1" 200 251
::1 - - [08/May/2018:19:45:59 +0000] "DELETE /products/5af1fe362c5bc5163c49bd46 HTTP/1.1" 200 25
::1 - - [08/May/2018:19:46:07 +0000] "GET /products HTTP/1.1" 200 251
::1 - - [08/May/2018:19:50:59 +0000] "DELETE /products/5af1fe362c5bc5163c49bd46 HTTP/1.1" 200 25
::1 - - [08/May/2018:19:51:04 +0000] "GET /products/5af1fe362c5bc5163c49bd46 HTTP/1.1" 201 88
::1 - - [08/May/2018:19:51:12 +0000] "DELETE /products/5af1fe362c5bc5163c49bd46 HTTP/1.1" 200 25
::1 - - [08/May/2018:19:52:01 +0000] "DELETE /products/5af1fe362c5bc5163c49bd46 HTTP/1.1" 200 25
::1 - - [08/May/2018:19:52:06 +0000] "GET /products/5af1fe362c5bc5163c49bd46 HTTP/1.1" 201 88
::1 - - [08/May/2018:19:54:02 +0000] "POST /products HTTP/1.1" 201 91
::1 - - [08/May/2018:19:54:26 +0000] "DELETE /products/5af2005ad706ba3d80f9ae0b HTTP/1.1" 200 25
::1 - - [08/May/2018:19:54:31 +0000] "GET /products/5af2005ad706ba3d80f9ae0b HTTP/1.1" 201 88
::1 - - [08/May/2018:19:54:37 +0000] "GET /products HTTP/1.1" 200 91
::1 - - [08/May/2018:20:01:44 +0000] "DELETE /products/%225af2005ad706ba3d80f9ae0b%22 HTTP/1.1" 500 2
::1 - - [08/May/2018:20:01:52 +0000] "GET /products/%225af2005ad706ba3d80f9ae0b%22 HTTP/1.1" 500 266
::1 - - [08/May/2018:20:02:04 +0000] "GET /products/5af2005ad706ba3d80f9ae0b HTTP/1.1" 201 88
::1 - - [08/May/2018:20:02:48 +0000] "DELETE /products/5af2005ad706ba3d80f9ae0b HTTP/1.1" 500 2
::1 - - [08/May/2018:20:03:23 +0000] "DELETE /products/5af2005ad706ba3d80f9ae0b HTTP/1.1" 200 25
::1 - - [08/May/2018:20:03:29 +0000] "GET /products/5af2005ad706ba3d80f9ae0b HTTP/1.1" 201 88
::1 - - [08/May/2018:20:03:39 +0000] "GET /products HTTP/1.1" 200 91
::1 - - [08/May/2018:20:04:50 +0000] "DELETE /products/5af2005ad706ba3d80f9ae0b HTTP/1.1" 200 25
::1 - - [08/May/2018:20:04:54 +0000] "GET /products/5af2005ad706ba3d80f9ae0b HTTP/1.1" 201 88
::1 - - [08/May/2018:20:06:21 +0000] "DELETE /products/5af2005ad706ba3d80f9ae0b HTTP/1.1" 200 25
::1 - - [08/May/2018:20:06:25 +0000] "GET /products/5af2005ad706ba3d80f9ae0b HTTP/1.1" 404 32
::1 - - [08/May/2018:20:06:33 +0000] "GET /products HTTP/1.1" 200 11
::1 - - [08/May/2018:20:08:24 +0000] "GET /products HTTP/1.1" 404 31
::1 - - [08/May/2018:20:18:18 +0000] "POST /products HTTP/1.1" 201 91
::1 - - [08/May/2018:20:18:33 +0000] "PATCH /products HTTP/1.1" 400 65
::1 - - [08/May/2018:20:18:39 +0000] "PATCH /products HTTP/1.1" 404 34
::1 - - [08/May/2018:20:18:53 +0000] "GET /products HTTP/1.1" 200 91
::1 - - [08/May/2018:20:19:07 +0000] "PATCH /products/5af2060aa497a540eccaf07f HTTP/1.1" 500 2210
::1 - - [08/May/2018:20:22:48 +0000] "PATCH /products/5af2060aa497a540eccaf07f HTTP/1.1" 200 39
::1 - - [08/May/2018:20:23:36 +0000] "PATCH /products/5af2060aa497a540eccaf07f HTTP/1.1" 200 39
::1 - - [08/May/2018:20:24:46 +0000] "PATCH /products/5af2060aa497a540eccaf07f HTTP/1.1" 200 39
::1 - - [08/May/2018:21:37:26 +0000] "GET /products HTTP/1.1" 200 722
::1 - - [08/May/2018:21:38:30 +0000] "GET /products HTTP/1.1" 200 152
::1 - - [08/May/2018:21:38:48 +0000] "GET /products/5af2060aa497a540eccaf07f HTTP/1.1" 201 95
::1 - - [08/May/2018:21:39:36 +0000] "POST /products HTTP/1.1" 201 82
::1 - - [08/May/2018:21:39:40 +0000] "GET /products HTTP/1.1" 200 264
::1 - - [08/May/2018:21:39:44 +0000] "GET /products/5af219188648ad28fc469c1e HTTP/1.1" 201 79
::1 - - [08/May/2018:21:42:52 +0000] "POST /products HTTP/1.1" 201 158
::1 - - [08/May/2018:21:42:56 +0000] "GET /products/5af219dce6510946cc331351 HTTP/1.1" 201 93
::1 - - [08/May/2018:21:43:03 +0000] "GET /products HTTP/1.1" 200 390
::1 - - [08/May/2018:21:45:46 +0000] "GET /products/5af2060aa497a540eccaf07f HTTP/1.1" 201 95
::1 - - [08/May/2018:21:46:34 +0000] "PATCH /products/5af2060aa497a540eccaf07f HTTP/1.1" 500 2210
::1 - - [08/May/2018:21:47:30 +0000] "PATCH /products/5af2060aa497a540eccaf07f HTTP/1.1" 500 2210
::1 - - [08/May/2018:21:47:43 +0000] "PATCH /products/5af2060aa497a540eccaf07f HTTP/1.1" 200 82
::1 - - [08/May/2018:21:47:53 +0000] "GET /products HTTP/1.1" 200 378
::1 - - [08/May/2018:21:55:18 +0000] "PATCH /products/5af2060aa497a540eccaf07f HTTP/1.1" 200 82
::1 - - [09/May/2018:01:45:17 +0000] "GET /products/5af2060aa497a540eccaf07f HTTP/1.1" 201 85
::1 - - [09/May/2018:01:46:45 +0000] "GET /products/5af2060aa497a540eccaf07f HTTP/1.1" 500 12
::1 - - [09/May/2018:01:47:20 +0000] "GET /products/5af2060aa497a540eccaf07f HTTP/1.1" 201 164
::1 - - [09/May/2018:01:47:56 +0000] "POST /orders/5af2060aa497a540eccaf07f HTTP/1.1" 500 2183
::1 - - [09/May/2018:01:50:45 +0000] "POST /orders/5af2060aa497a540eccaf07f HTTP/1.1" 500 2183
::1 - - [09/May/2018:01:52:08 +0000] "POST /orders/5af2060aa497a540eccaf07f HTTP/1.1" 500 2183
::1 - - [09/May/2018:01:54:24 +0000] "POST /orders/5af2060aa497a540eccaf07f HTTP/1.1" 500 2183
::1 - - [09/May/2018:01:54:42 +0000] "POST /orders/5af2060aa497a540eccaf07f HTTP/1.1" 500 2183
::1 - - [09/May/2018:01:55:15 +0000] "POST /orders HTTP/1.1" 500 2210
::1 - - [09/May/2018:04:57:32 +0000] "POST /orders HTTP/1.1" 404 62
::1 - - [09/May/2018:04:58:07 +0000] "POST /orders HTTP/1.1" 201 124
::1 - - [09/May/2018:05:00:29 +0000] "POST /orders HTTP/1.1" 201 124
::1 - - [09/May/2018:05:03:34 +0000] "GET /orders HTTP/1.1" 201 198
::1 - - [09/May/2018:05:12:32 +0000] "GET /orders HTTP/1.1" 201 105
::1 - - [09/May/2018:05:12:43 +0000] "POST /orders HTTP/1.1" 500 12
::1 - - [09/May/2018:05:13:09 +0000] "POST /orders HTTP/1.1" 500 12
::1 - - [09/May/2018:05:14:04 +0000] "POST /orders HTTP/1.1" 500 12
::1 - - [09/May/2018:05:16:32 +0000] "POST /orders HTTP/1.1" 500 12
::1 - - [09/May/2018:05:24:37 +0000] "POST /orders HTTP/1.1" 201 25
::1 - - [09/May/2018:05:27:38 +0000] "POST /orders HTTP/1.1" 201 51
::1 - - [09/May/2018:05:29:37 +0000] "POST /orders HTTP/1.1" 201 51
::1 - - [09/May/2018:05:30:58 +0000] "POST /orders HTTP/1.1" 201 51
::1 - - [09/May/2018:05:32:24 +0000] "POST /orders HTTP/1.1" 201 51
::1 - - [09/May/2018:05:35:17 +0000] "POST /orders HTTP/1.1" 201 51
::1 - - [09/May/2018:05:35:46 +0000] "POST /orders HTTP/1.1" 201 51
::1 - - [09/May/2018:05:36:09 +0000] "POST /orders HTTP/1.1" 500 12
::1 - - [09/May/2018:05:37:30 +0000] "POST /orders HTTP/1.1" 201 118
::1 - - [09/May/2018:05:38:17 +0000] "POST /orders HTTP/1.1" 201 148
::1 - - [09/May/2018:05:39:39 +0000] "POST /orders HTTP/1.1" 201 686
::1 - - [09/May/2018:05:41:12 +0000] "POST /orders HTTP/1.1" 201 117
::1 - - [09/May/2018:05:41:44 +0000] "POST /orders HTTP/1.1" 201 117
::1 - - [09/May/2018:05:42:46 +0000] "POST /orders HTTP/1.1" 201 117
::1 - - [09/May/2018:05:45:21 +0000] "POST /orders HTTP/1.1" 201 117
::1 - - [09/May/2018:05:48:43 +0000] "POST /orders HTTP/1.1" 201 117
::1 - - [09/May/2018:05:49:16 +0000] "POST /orders HTTP/1.1" 201 117
::1 - - [09/May/2018:05:50:17 +0000] "POST /orders HTTP/1.1" 201 117
::1 - - [09/May/2018:05:51:04 +0000] "POST /orders HTTP/1.1" 201 118
::1 - - [09/May/2018:05:51:27 +0000] "POST /orders HTTP/1.1" 201 118
::1 - - [09/May/2018:05:53:38 +0000] "POST /orders HTTP/1.1" 201 118
::1 - - [09/May/2018:05:56:01 +0000] "POST /orders HTTP/1.1" 201 117
::1 - - [09/May/2018:05:57:37 +0000] "POST /orders HTTP/1.1" 201 117
::1 - - [09/May/2018:05:59:37 +0000] "POST /orders HTTP/1.1" 201 117
::1 - - [09/May/2018:06:00:04 +0000] "POST /orders HTTP/1.1" 201 117
::1 - - [09/May/2018:06:00:34 +0000] "POST /orders HTTP/1.1" 201 118
::1 - - [09/May/2018:06:00:44 +0000] "POST /orders HTTP/1.1" 201 117
::1 - - [09/May/2018:06:20:38 +0000] "POST /orders HTTP/1.1" 201 117
::1 - - [09/May/2018:06:20:53 +0000] "POST /orders HTTP/1.1" 500 251
::1 - - [09/May/2018:06:21:01 +0000] "POST /orders HTTP/1.1" 500 31
::1 - - [09/May/2018:06:24:36 +0000] "GET /orders HTTP/1.1" 201 291
::1 - - [09/May/2018:06:24:50 +0000] "GET /orders/5af27fdf0ba3f11898a7bc9d HTTP/1.1" 200 157
::1 - - [09/May/2018:06:25:36 +0000] "GET /orders/5af27fdf0ba3f11898a7bc9d HTTP/1.1" 200 149
::1 - - [09/May/2018:06:28:28 +0000] "DELETE /orders/5af27fdf0ba3f11898a7bc9d HTTP/1.1" 200 30
::1 - - [09/May/2018:06:30:10 +0000] "GET /orders/5af27fdf0ba3f11898a7bc9d HTTP/1.1" 404 23
::1 - - [09/May/2018:07:03:34 +0000] "GET /orders HTTP/1.1" 201 198
::1 - - [09/May/2018:07:03:48 +0000] "GET /orders/5af28c48a83bd00de8bbb257 HTTP/1.1" 200 186
::1 - - [09/May/2018:07:04:35 +0000] "GET /orders HTTP/1.1" 201 286
::1 - - [09/May/2018:15:47:35 +0000] "POST /products HTTP/1.1" 413 48
::1 - - [09/May/2018:15:49:36 +0000] "POST /products HTTP/1.1" 201 157
::1 - - [09/May/2018:15:56:48 +0000] "POST /products HTTP/1.1" 404 40
::1 - - [09/May/2018:15:57:19 +0000] "POST /products HTTP/1.1" 201 157
::1 - - [09/May/2018:16:07:26 +0000] "POST /products HTTP/1.1" 201 157
::1 - - [09/May/2018:16:07:57 +0000] "POST /products HTTP/1.1" 201 157
::1 - - [09/May/2018:16:08:59 +0000] "POST /products HTTP/1.1" 201 157
::1 - - [09/May/2018:16:15:04 +0000] "POST /products HTTP/1.1" 201 148
::1 - - [09/May/2018:16:23:49 +0000] "POST /products HTTP/1.1" 500 12
::1 - - [09/May/2018:16:24:48 +0000] "POST /products HTTP/1.1" 201 219
::1 - - [09/May/2018:16:25:25 +0000] "GET /uploads//1525883088480WIN_20170727_14_23_13_Pro.jpg HTTP/1.1" 404 190
::1 - - [09/May/2018:16:25:25 +0000] "GET /favicon.ico HTTP/1.1" 404 150
::1 - - [09/May/2018:16:29:13 +0000] "GET /uploads//1525883088480WIN_20170727_14_23_13_Pro.jpg HTTP/1.1" 200 111424
::1 - - [09/May/2018:16:46:46 +0000] "GET /products HTTP/1.1" 500 2
::1 - - [09/May/2018:16:47:20 +0000] "GET /products HTTP/1.1" 200 505
::1 - - [09/May/2018:16:47:41 +0000] "POST /products HTTP/1.1" 201 217
::1 - - [09/May/2018:16:47:46 +0000] "GET /products HTTP/1.1" 200 690
::1 - - [09/May/2018:16:49:40 +0000] "POST /products HTTP/1.1" 201 219
::1 - - [09/May/2018:16:49:44 +0000] "GET /products HTTP/1.1" 200 690
::1 - - [09/May/2018:16:51:27 +0000] "POST /products HTTP/1.1" 201 219
::1 - - [09/May/2018:16:59:31 +0000] "POST /products HTTP/1.1" 201 219
::1 - - [09/May/2018:16:59:52 +0000] "POST /products HTTP/1.1" 201 219
::1 - - [09/May/2018:17:00:31 +0000] "GET /uploads/1525885192852WIN_20171110_14_24_40_Pro.jpg HTTP/1.1" 200 137063
::1 - - [09/May/2018:17:07:04 +0000] "POST /products HTTP/1.1" 201 219
::1 - - [09/May/2018:17:09:25 +0000] "POST /products HTTP/1.1" 201 219
::1 - - [09/May/2018:17:11:46 +0000] "POST /products HTTP/1.1" 201 219
::1 - - [09/May/2018:17:13:47 +0000] "POST /products HTTP/1.1" 201 219
::1 - - [09/May/2018:17:15:43 +0000] "POST /products HTTP/1.1" 201 219
::1 - - [09/May/2018:17:17:04 +0000] "POST /products HTTP/1.1" 201 219
::1 - - [09/May/2018:17:28:13 +0000] "POST /products HTTP/1.1" 201 217
::1 - - [09/May/2018:17:28:32 +0000] "POST /products HTTP/1.1" 201 219
::1 - - [09/May/2018:17:28:55 +0000] "POST /products HTTP/1.1" 201 219
::1 - - [09/May/2018:18:43:38 +0000] "POST /users/signup HTTP/1.1" 200 58
::1 - - [09/May/2018:18:43:55 +0000] "POST /users/signup HTTP/1.1" 409 40
::1 - - [09/May/2018:18:51:52 +0000] "POST /users/signup HTTP/1.1" 500 456
::1 - - [09/May/2018:19:00:24 +0000] "POST /users/signup HTTP/1.1" 200 56
::1 - - [09/May/2018:19:00:49 +0000] "DELETE /users/5af3454894bd0500689c2825 HTTP/1.1" 200 26
::1 - - [09/May/2018:19:01:19 +0000] "DELETE /users/5af3454894bd0500689c2825 HTTP/1.1" 500 28
::1 - - [09/May/2018:19:41:16 +0000] "POST /users/login HTTP/1.1" 404 25
::1 - - [09/May/2018:19:41:29 +0000] "POST /users/signup HTTP/1.1" 200 56
::1 - - [09/May/2018:19:41:38 +0000] "POST /users/login HTTP/1.1" 200 117
::1 - - [09/May/2018:19:42:23 +0000] "POST /users/login HTTP/1.1" 200 246
::1 - - [09/May/2018:19:42:32 +0000] "POST /users/login HTTP/1.1" 404 25
::1 - - [09/May/2018:19:42:43 +0000] "POST /users/login HTTP/1.1" 401 25
::1 - - [09/May/2018:19:42:52 +0000] "POST /users/login HTTP/1.1" 404 25
::1 - - [09/May/2018:19:45:52 +0000] "POST /users/login HTTP/1.1" 200 246
::1 - - [09/May/2018:21:36:09 +0000] "POST /products HTTP/1.1" 500 25
::1 - - [09/May/2018:21:36:50 +0000] "POST /products HTTP/1.1" 500 25
::1 - - [09/May/2018:21:36:54 +0000] "POST /products HTTP/1.1" 413 48
::1 - - [09/May/2018:21:37:45 +0000] "POST /products HTTP/1.1" 500 25
::1 - - [09/May/2018:21:38:20 +0000] "POST /products HTTP/1.1" 500 25
::1 - - [09/May/2018:21:41:10 +0000] "POST /products HTTP/1.1" 201 197
::1 - - [09/May/2018:22:15:15 +0000] "POST /users/login HTTP/1.1" 200 246
::1 - - [09/May/2018:22:15:42 +0000] "POST /users/signup HTTP/1.1" 200 56
::1 - - [09/May/2018:22:15:57 +0000] "DELETE /users/delete HTTP/1.1" 500 197
::1 - - [09/May/2018:22:16:30 +0000] "DELETE /users/login HTTP/1.1" 500 194
::1 - - [09/May/2018:22:16:35 +0000] "POST /users/login HTTP/1.1" 200 246
::1 - - [09/May/2018:22:17:10 +0000] "DELETE /users/5af3730e7990054fa4fee204 HTTP/1.1" 200 26
::1 - - [09/May/2018:23:36:43 +0000] "DELETE /users/signup HTTP/1.1" 404 154
::1 - - [09/May/2018:23:36:49 +0000] "POST /users/signup HTTP/1.1" 200 56
::1 - - [09/May/2018:23:36:59 +0000] "POST /users/login HTTP/1.1" 200 246
::1 - - [09/May/2018:23:37:37 +0000] "DELETE /users/delete HTTP/1.1" 200 26
::1 - - [09/May/2018:23:46:37 +0000] "POST /users/signup HTTP/1.1" 200 56
::1 - - [09/May/2018:23:46:43 +0000] "POST /users/login HTTP/1.1" 200 246
::1 - - [09/May/2018:23:48:12 +0000] "PATCH /users/login/changeEmail HTTP/1.1" 404 164
::1 - - [09/May/2018:23:48:33 +0000] "PATCH /users/changeEmail HTTP/1.1" 200 97
::1 - - [10/May/2018:00:05:55 +0000] "GET /orders HTTP/1.1" 201 286
::1 - - [10/May/2018:00:06:06 +0000] "GET /orders/5af28c48a83bd00de8bbb257 HTTP/1.1" 200 186
::1 - - [10/May/2018:00:07:35 +0000] "POST /orders/5af28c48a83bd00de8bbb257 HTTP/1.1" 404 171
::1 - - [10/May/2018:00:08:25 +0000] "POST /orders HTTP/1.1" 201 120
::1 - - [10/May/2018:00:08:54 +0000] "POST /orders HTTP/1.1" 201 121
::1 - - [10/May/2018:00:10:24 +0000] "POST /orders HTTP/1.1" 201 118
::1 - - [10/May/2018:00:10:34 +0000] "POST /orders HTTP/1.1" 201 117
::1 - - [10/May/2018:00:10:47 +0000] "DELETE /orders/5af219188648ad28fc469c1e HTTP/1.1" 200 30
::1 - - [10/May/2018:00:12:35 +0000] "DELETE /orders/5af219188648ad28fc469c1e HTTP/1.1" 200 30
::1 - - [10/May/2018:00:13:27 +0000] "GET /orders/5af219188648ad28fc469c1e HTTP/1.1" 404 23
